# JRE version: OpenJDK Runtime Environment (8.0_112-b06) (build 1.8.0_112-release-b06)
# Java VM: OpenJDK 64-Bit Server VM (25.112-b06 mixed mode windows-amd64 compressed oops)
Heap:
 PSYoungGen      total 233984K, used 48182K [0x00000000eab00000, 0x00000000fed80000, 0x0000000100000000)
  eden space 207360K, 21% used [0x00000000eab00000,0x00000000ed5b4ea8,0x00000000f7580000)
  from space 26624K, 16% used [0x00000000f7580000,0x00000000f79d8a68,0x00000000f8f80000)
  to   space 26624K, 0% used [0x00000000fd380000,0x00000000fd380000,0x00000000fed80000)
 ParOldGen       total 104448K, used 80717K [0x00000000c0000000, 0x00000000c6600000, 0x00000000eab00000)
  object space 104448K, 77% used [0x00000000c0000000,0x00000000c4ed3488,0x00000000c6600000)
 Metaspace       used 61983K, capacity 64062K, committed 64384K, reserved 1105920K
  class space    used 8029K, capacity 8507K, committed 8576K, reserved 1048576K
GC Heap History (10 events):
Event: 73.616 GC heap before
{Heap before GC invocations=22 (full 2):
 PSYoungGen      total 141824K, used 141792K [0x00000000eab00000, 0x00000000f6d80000, 0x0000000100000000)
  eden space 125440K, 100% used [0x00000000eab00000,0x00000000f2580000,0x00000000f2580000)
  from space 16384K, 99% used [0x00000000f2580000,0x00000000f3578260,0x00000000f3580000)
  to   space 19968K, 0% used [0x00000000f5a00000,0x00000000f5a00000,0x00000000f6d80000)
 ParOldGen       total 55296K, used 27985K [0x00000000c0000000, 0x00000000c3600000, 0x00000000eab00000)
  object space 55296K, 50% used [0x00000000c0000000,0x00000000c1b54520,0x00000000c3600000)
 Metaspace       used 57115K, capacity 58766K, committed 59008K, reserved 1099776K
  class space    used 7603K, capacity 7984K, committed 8064K, reserved 1048576K
Event: 73.652 GC heap after
Heap after GC invocations=22 (full 2):
 PSYoungGen      total 176128K, used 17316K [0x00000000eab00000, 0x00000000f6e80000, 0x0000000100000000)
  eden space 156160K, 0% used [0x00000000eab00000,0x00000000eab00000,0x00000000f4380000)
  from space 19968K, 86% used [0x00000000f5a00000,0x00000000f6ae90d0,0x00000000f6d80000)
  to   space 22016K, 0% used [0x00000000f4380000,0x00000000f4380000,0x00000000f5900000)
 ParOldGen       total 55296K, used 33882K [0x00000000c0000000, 0x00000000c3600000, 0x00000000eab00000)
  object space 55296K, 61% used [0x00000000c0000000,0x00000000c2116ab0,0x00000000c3600000)
 Metaspace       used 57115K, capacity 58766K, committed 59008K, reserved 1099776K
  class space    used 7603K, capacity 7984K, committed 8064K, reserved 1048576K
}
Event: 74.291 GC heap before
{Heap before GC invocations=23 (full 2):
 PSYoungGen      total 176128K, used 51633K [0x00000000eab00000, 0x00000000f6e80000, 0x0000000100000000)
  eden space 156160K, 21% used [0x00000000eab00000,0x00000000ecc833a8,0x00000000f4380000)
  from space 19968K, 86% used [0x00000000f5a00000,0x00000000f6ae90d0,0x00000000f6d80000)
  to   space 22016K, 0% used [0x00000000f4380000,0x00000000f4380000,0x00000000f5900000)
 ParOldGen       total 55296K, used 33882K [0x00000000c0000000, 0x00000000c3600000, 0x00000000eab00000)
  object space 55296K, 61% used [0x00000000c0000000,0x00000000c2116ab0,0x00000000c3600000)
 Metaspace       used 57352K, capacity 59054K, committed 59160K, reserved 1099776K
  class space    used 7618K, capacity 8016K, committed 8064K, reserved 1048576K
Event: 74.552 GC heap after
Heap after GC invocations=23 (full 2):
 PSYoungGen      total 178176K, used 9340K [0x00000000eab00000, 0x00000000fa400000, 0x0000000100000000)
  eden space 156160K, 0% used [0x00000000eab00000,0x00000000eab00000,0x00000000f4380000)
  from space 22016K, 42% used [0x00000000f4380000,0x00000000f4c9f170,0x00000000f5900000)
  to   space 20992K, 0% used [0x00000000f8f80000,0x00000000f8f80000,0x00000000fa400000)
 ParOldGen       total 55296K, used 49491K [0x00000000c0000000, 0x00000000c3600000, 0x00000000eab00000)
  object space 55296K, 89% used [0x00000000c0000000,0x00000000c3054de0,0x00000000c3600000)
 Metaspace       used 57352K, capacity 59054K, committed 59160K, reserved 1099776K
  class space    used 7618K, capacity 8016K, committed 8064K, reserved 1048576K
}
Event: 74.552 GC heap before
{Heap before GC invocations=24 (full 3):
 PSYoungGen      total 178176K, used 9340K [0x00000000eab00000, 0x00000000fa400000, 0x0000000100000000)
  eden space 156160K, 0% used [0x00000000eab00000,0x00000000eab00000,0x00000000f4380000)
  from space 22016K, 42% used [0x00000000f4380000,0x00000000f4c9f170,0x00000000f5900000)
  to   space 20992K, 0% used [0x00000000f8f80000,0x00000000f8f80000,0x00000000fa400000)
 ParOldGen       total 55296K, used 49491K [0x00000000c0000000, 0x00000000c3600000, 0x00000000eab00000)
  object space 55296K, 89% used [0x00000000c0000000,0x00000000c3054de0,0x00000000c3600000)
 Metaspace       used 57352K, capacity 59054K, committed 59160K, reserved 1099776K
  class space    used 7618K, capacity 8016K, committed 8064K, reserved 1048576K
Event: 75.084 GC heap after
Heap after GC invocations=24 (full 3):
 PSYoungGen      total 178176K, used 0K [0x00000000eab00000, 0x00000000fa400000, 0x0000000100000000)
  eden space 156160K, 0% used [0x00000000eab00000,0x00000000eab00000,0x00000000f4380000)
  from space 22016K, 0% used [0x00000000f4380000,0x00000000f4380000,0x00000000f5900000)
  to   space 20992K, 0% used [0x00000000f8f80000,0x00000000f8f80000,0x00000000fa400000)
 ParOldGen       total 104448K, used 52176K [0x00000000c0000000, 0x00000000c6600000, 0x00000000eab00000)
  object space 104448K, 49% used [0x00000000c0000000,0x00000000c32f4088,0x00000000c6600000)
 Metaspace       used 57351K, capacity 59048K, committed 59160K, reserved 1099776K
  class space    used 7617K, capacity 8015K, committed 8064K, reserved 1048576K
}
Event: 86.506 GC heap before
{Heap before GC invocations=25 (full 3):
 PSYoungGen      total 178176K, used 156160K [0x00000000eab00000, 0x00000000fa400000, 0x0000000100000000)
  eden space 156160K, 100% used [0x00000000eab00000,0x00000000f4380000,0x00000000f4380000)
  from space 22016K, 0% used [0x00000000f4380000,0x00000000f4380000,0x00000000f5900000)
  to   space 20992K, 0% used [0x00000000f8f80000,0x00000000f8f80000,0x00000000fa400000)
 ParOldGen       total 104448K, used 52176K [0x00000000c0000000, 0x00000000c6600000, 0x00000000eab00000)
  object space 104448K, 49% used [0x00000000c0000000,0x00000000c32f4088,0x00000000c6600000)
 Metaspace       used 59455K, capacity 61190K, committed 61440K, reserved 1101824K
  class space    used 7745K, capacity 8148K, committed 8192K, reserved 1048576K
Event: 86.546 GC heap after
Heap after GC invocations=25 (full 3):
 PSYoungGen      total 228352K, used 20976K [0x00000000eab00000, 0x00000000fad00000, 0x0000000100000000)
  eden space 207360K, 0% used [0x00000000eab00000,0x00000000eab00000,0x00000000f7580000)
  from space 20992K, 99% used [0x00000000f8f80000,0x00000000fa3fc278,0x00000000fa400000)
  to   space 26624K, 0% used [0x00000000f7580000,0x00000000f7580000,0x00000000f8f80000)
 ParOldGen       total 104448K, used 59967K [0x00000000c0000000, 0x00000000c6600000, 0x00000000eab00000)
  object space 104448K, 57% used [0x00000000c0000000,0x00000000c3a8fc68,0x00000000c6600000)
 Metaspace       used 59455K, capacity 61190K, committed 61440K, reserved 1101824K
  class space    used 7745K, capacity 8148K, committed 8192K, reserved 1048576K
}
Event: 96.424 GC heap before
{Heap before GC invocations=26 (full 3):
 PSYoungGen      total 228352K, used 228336K [0x00000000eab00000, 0x00000000fad00000, 0x0000000100000000)
  eden space 207360K, 100% used [0x00000000eab00000,0x00000000f7580000,0x00000000f7580000)
  from space 20992K, 99% used [0x00000000f8f80000,0x00000000fa3fc278,0x00000000fa400000)
  to   space 26624K, 0% used [0x00000000f7580000,0x00000000f7580000,0x00000000f8f80000)
 ParOldGen       total 104448K, used 59967K [0x00000000c0000000, 0x00000000c6600000, 0x00000000eab00000)
  object space 104448K, 57% used [0x00000000c0000000,0x00000000c3a8fc68,0x00000000c6600000)
 Metaspace       used 61747K, capacity 63794K, committed 64128K, reserved 1105920K
  class space    used 8000K, capacity 8467K, committed 8576K, reserved 1048576K
Event: 96.468 GC heap after
Heap after GC invocations=26 (full 3):
 PSYoungGen      total 233984K, used 4450K [0x00000000eab00000, 0x00000000fed80000, 0x0000000100000000)
  eden space 207360K, 0% used [0x00000000eab00000,0x00000000eab00000,0x00000000f7580000)
  from space 26624K, 16% used [0x00000000f7580000,0x00000000f79d8a68,0x00000000f8f80000)
  to   space 26624K, 0% used [0x00000000fd380000,0x00000000fd380000,0x00000000fed80000)
 ParOldGen       total 104448K, used 80717K [0x00000000c0000000, 0x00000000c6600000, 0x00000000eab00000)
  object space 104448K, 77% used [0x00000000c0000000,0x00000000c4ed3488,0x00000000c6600000)
 Metaspace       used 61747K, capacity 63794K, committed 64128K, reserved 1105920K
  class space    used 8000K, capacity 8467K, committed 8576K, reserved 1048576K
}

