GC Heap History (10 events):
Event: 32.118 GC heap before
{Heap before GC invocations=17 (full 3):
 PSYoungGen      total 657408K, used 585936K [0x000000076ab00000, 0x00000007aa280000, 0x00000007c0000000)
  eden space 496640K, 100% used [0x000000076ab00000,0x0000000789000000,0x0000000789000000)
  from space 160768K, 55% used [0x0000000789000000,0x000000078e7340d0,0x0000000792d00000)
  to   space 205312K, 0% used [0x000000079da00000,0x000000079da00000,0x00000007aa280000)
 ParOldGen       total 549888K, used 351816K [0x00000006c0000000, 0x00000006e1900000, 0x000000076ab00000)
  object space 549888K, 63% used [0x00000006c0000000,0x00000006d5792160,0x00000006e1900000)
 Metaspace       used 6453K, capacity 7280K, committed 7552K, reserved 1056768K
  class space    used 588K, capacity 616K, committed 640K, reserved 1048576K
Event: 32.572 GC heap after
Heap after GC invocations=17 (full 3):
 PSYoungGen      total 801280K, used 174468K [0x000000076ab00000, 0x00000007ab200000, 0x00000007c0000000)
  eden space 595968K, 0% used [0x000000076ab00000,0x000000076ab00000,0x000000078f100000)
  from space 205312K, 84% used [0x000000079da00000,0x00000007a8461018,0x00000007aa280000)
  to   space 229888K, 0% used [0x000000078f100000,0x000000078f100000,0x000000079d180000)
 ParOldGen       total 549888K, used 389787K [0x00000006c0000000, 0x00000006e1900000, 0x000000076ab00000)
  object space 549888K, 70% used [0x00000006c0000000,0x00000006d7ca6f20,0x00000006e1900000)
 Metaspace       used 6453K, capacity 7280K, committed 7552K, reserved 1056768K
  class space    used 588K, capacity 616K, committed 640K, reserved 1048576K
}
Event: 34.879 GC heap before
{Heap before GC invocations=18 (full 3):
 PSYoungGen      total 801280K, used 770436K [0x000000076ab00000, 0x00000007ab200000, 0x00000007c0000000)
  eden space 595968K, 100% used [0x000000076ab00000,0x000000078f100000,0x000000078f100000)
  from space 205312K, 84% used [0x000000079da00000,0x00000007a8461018,0x00000007aa280000)
  to   space 229888K, 0% used [0x000000078f100000,0x000000078f100000,0x000000079d180000)
 ParOldGen       total 549888K, used 389787K [0x00000006c0000000, 0x00000006e1900000, 0x000000076ab00000)
  object space 549888K, 70% used [0x00000006c0000000,0x00000006d7ca6f20,0x00000006e1900000)
 Metaspace       used 6462K, capacity 7280K, committed 7552K, reserved 1056768K
  class space    used 590K, capacity 616K, committed 640K, reserved 1048576K
Event: 35.355 GC heap after
Heap after GC invocations=18 (full 3):
 PSYoungGen      total 825856K, used 182831K [0x000000076ab00000, 0x00000007b5d00000, 0x00000007c0000000)
  eden space 595968K, 0% used [0x000000076ab00000,0x000000076ab00000,0x000000078f100000)
  from space 229888K, 79% used [0x000000078f100000,0x000000079a38bcb8,0x000000079d180000)
  to   space 252416K, 0% used [0x00000007a6680000,0x00000007a6680000,0x00000007b5d00000)
 ParOldGen       total 549888K, used 389787K [0x00000006c0000000, 0x00000006e1900000, 0x000000076ab00000)
  object space 549888K, 70% used [0x00000006c0000000,0x00000006d7ca6f20,0x00000006e1900000)
 Metaspace       used 6462K, capacity 7280K, committed 7552K, reserved 1056768K
  class space    used 590K, capacity 616K, committed 640K, reserved 1048576K
}
Event: 36.733 GC heap before
{Heap before GC invocations=19 (full 3):
 PSYoungGen      total 825856K, used 778799K [0x000000076ab00000, 0x00000007b5d00000, 0x00000007c0000000)
  eden space 595968K, 100% used [0x000000076ab00000,0x000000078f100000,0x000000078f100000)
  from space 229888K, 79% used [0x000000078f100000,0x000000079a38bcb8,0x000000079d180000)
  to   space 252416K, 0% used [0x00000007a6680000,0x00000007a6680000,0x00000007b5d00000)
 ParOldGen       total 549888K, used 389787K [0x00000006c0000000, 0x00000006e1900000, 0x000000076ab00000)
  object space 549888K, 70% used [0x00000006c0000000,0x00000006d7ca6f20,0x00000006e1900000)
 Metaspace       used 6463K, capacity 7280K, committed 7552K, reserved 1056768K
  class space    used 590K, capacity 616K, committed 640K, reserved 1048576K
Event: 37.129 GC heap after
Heap after GC invocations=19 (full 3):
 PSYoungGen      total 929280K, used 252415K [0x000000076ab00000, 0x00000007bcb80000, 0x00000007c0000000)
  eden space 676864K, 0% used [0x000000076ab00000,0x000000076ab00000,0x0000000794000000)
  from space 252416K, 99% used [0x00000007a6680000,0x00000007b5cffd10,0x00000007b5d00000)
  to   space 301568K, 0% used [0x0000000794000000,0x0000000794000000,0x00000007a6680000)
 ParOldGen       total 549888K, used 404545K [0x00000006c0000000, 0x00000006e1900000, 0x000000076ab00000)
  object space 549888K, 73% used [0x00000006c0000000,0x00000006d8b10408,0x00000006e1900000)
 Metaspace       used 6463K, capacity 7280K, committed 7552K, reserved 1056768K
  class space    used 590K, capacity 616K, committed 640K, reserved 1048576K
}
Event: 39.733 GC heap before
{Heap before GC invocations=20 (full 3):
 PSYoungGen      total 929280K, used 929279K [0x000000076ab00000, 0x00000007bcb80000, 0x00000007c0000000)
  eden space 676864K, 100% used [0x000000076ab00000,0x0000000794000000,0x0000000794000000)
  from space 252416K, 99% used [0x00000007a6680000,0x00000007b5cffd10,0x00000007b5d00000)
  to   space 301568K, 0% used [0x0000000794000000,0x0000000794000000,0x00000007a6680000)
 ParOldGen       total 549888K, used 404545K [0x00000006c0000000, 0x00000006e1900000, 0x000000076ab00000)
  object space 549888K, 73% used [0x00000006c0000000,0x00000006d8b10408,0x00000006e1900000)
 Metaspace       used 6463K, capacity 7280K, committed 7552K, reserved 1056768K
  class space    used 590K, capacity 616K, committed 640K, reserved 1048576K
Event: 40.371 GC heap after
Heap after GC invocations=20 (full 3):
 PSYoungGen      total 978432K, used 202998K [0x000000076ab00000, 0x00000007bcb80000, 0x00000007c0000000)
  eden space 676864K, 0% used [0x000000076ab00000,0x000000076ab00000,0x0000000794000000)
  from space 301568K, 67% used [0x0000000794000000,0x00000007a063d960,0x00000007a6680000)
  to   space 252416K, 0% used [0x00000007a6680000,0x00000007a6680000,0x00000007b5d00000)
 ParOldGen       total 549888K, used 521972K [0x00000006c0000000, 0x00000006e1900000, 0x000000076ab00000)
  object space 549888K, 94% used [0x00000006c0000000,0x00000006dfdbd090,0x00000006e1900000)
 Metaspace       used 6463K, capacity 7280K, committed 7552K, reserved 1056768K
  class space    used 590K, capacity 616K, committed 640K, reserved 1048576K
}
Event: 40.371 GC heap before
{Heap before GC invocations=21 (full 4):
 PSYoungGen      total 978432K, used 202998K [0x000000076ab00000, 0x00000007bcb80000, 0x00000007c0000000)
  eden space 676864K, 0% used [0x000000076ab00000,0x000000076ab00000,0x0000000794000000)
  from space 301568K, 67% used [0x0000000794000000,0x00000007a063d960,0x00000007a6680000)
  to   space 252416K, 0% used [0x00000007a6680000,0x00000007a6680000,0x00000007b5d00000)
 ParOldGen       total 549888K, used 521972K [0x00000006c0000000, 0x00000006e1900000, 0x000000076ab00000)
  object space 549888K, 94% used [0x00000006c0000000,0x00000006dfdbd090,0x00000006e1900000)
 Metaspace       used 6463K, capacity 7280K, committed 7552K, reserved 1056768K
  class space    used 590K, capacity 616K, committed 640K, reserved 1048576K
Event: 47.056 GC heap after
Heap after GC invocations=21 (full 4):
 PSYoungGen      total 978432K, used 132193K [0x000000076ab00000, 0x00000007bcb80000, 0x00000007c0000000)
  eden space 676864K, 0% used [0x000000076ab00000,0x000000076ab00000,0x0000000794000000)
  from space 301568K, 43% used [0x0000000794000000,0x000000079c118768,0x00000007a6680000)
  to   space 252416K, 0% used [0x00000007a6680000,0x00000007a6680000,0x00000007b5d00000)
 ParOldGen       total 549888K, used 549795K [0x00000006c0000000, 0x00000006e1900000, 0x000000076ab00000)
  object space 549888K, 99% used [0x00000006c0000000,0x00000006e18e8f50,0x00000006e1900000)
 Metaspace       used 6463K, capacity 7280K, committed 7552K, reserved 1056768K
  class space    used 590K, capacity 616K, committed 640K, reserved 1048576K
}

